Arguments: 
  C:\Program Files\nodejs\node.exe C:\Users\Administrator\AppData\Roaming\npm\node_modules\yarn\bin\yarn.js policies set-version berry --silent

PATH: 
  D:\Program Files (x86)\Python27\;D:\Program Files (x86)\Python27\Scripts;C:\Windows\system32;C:\Windows;C:\Windows\System32\Wbem;C:\Windows\System32\WindowsPowerShell\v1.0\;C:\Windows\System32\OpenSSH\;C:\Program Files\Git\cmd;C:\Program Files\nodejs\;C:\Program Files (x86)\NVIDIA Corporation\PhysX\Common;C:\Program Files\NVIDIA Corporation\NVIDIA NvDLISR;D:\Program Files\cmder;D:\Program Files\httpd-2.4.48-o111k-x64-vc15\Apache24\bin;C:\Program Files\PuTTY\;D:\Program Files (x86)\NetSarang\Xshell 7\;C:\Users\Administrator\AppData\Local\pnpm;C:\Users\Administrator\.cargo\bin;C:\Users\Administrator\AppData\Local\Programs\Python\Python39\Scripts\;C:\Users\Administrator\AppData\Local\Programs\Python\Python39\;C:\Users\Administrator\AppData\Local\Microsoft\WindowsApps;C:\Users\Administrator\AppData\Local\Programs\Microsoft VS Code\bin;C:\Users\Administrator\AppData\Roaming\npm;C:\Users\Administrator\AppData\Local\nvs\;C:\Users\Administrator\.deno\bin

Yarn version: 
  1.22.10

Node version: 
  14.15.0

Platform: 
  win32 x64

Trace: 
  Error: connect ETIMEDOUT 20.205.243.166:443
      at TCPConnectWrap.afterConnect [as oncomplete] (net.js:1146:16)

npm manifest: 
  {
    "name": "yarn2-egg",
    "version": "1.0.0",
    "description": "xxx",
    "private": true,
    "egg": {
      "typescript": true,
      "declarations": true
    },
    "scripts": {
      "start": "egg-scripts start --daemon --title=egg-server-yarn2-egg",
      "stop": "egg-scripts stop --title=egg-server-yarn2-egg",
      "dev": "egg-bin dev",
      "debug": "egg-bin debug",
      "test-local": "egg-bin test",
      "test": "npm run lint -- --fix && npm run test-local",
      "cov": "egg-bin cov",
      "tsc": "ets && tsc -p tsconfig.json",
      "ci": "npm run lint && npm run cov && npm run tsc",
      "autod": "autod",
      "lint": "eslint . --ext .ts",
      "clean": "ets clean"
    },
    "dependencies": {
      "egg": "^2.6.1",
      "egg-scripts": "^2.6.0"
    },
    "devDependencies": {
      "@types/mocha": "^2.2.40",
      "@types/node": "^7.0.12",
      "@types/supertest": "^2.0.0",
      "autod": "^3.0.1",
      "autod-egg": "^1.1.0",
      "egg-ci": "^1.8.0",
      "egg-bin": "^4.11.0",
      "egg-mock": "^3.16.0",
      "tslib": "^1.9.0",
      "eslint": "^6.7.2",
      "eslint-config-egg": "^8.0.0",
      "typescript": "^3.0.0"
    },
    "engines": {
      "node": ">=8.9.0"
    },
    "ci": {
      "version": "8"
    },
    "repository": {
      "type": "git",
      "url": ""
    },
    "eslintIgnore": ["coverage"],
    "author": "hisheng",
    "license": "MIT"
  }

yarn manifest: 
  No manifest

Lockfile: 
  
